  Game.cpp
  Goal.cpp
  Level1.cpp
  Main.cpp
  MainWindow.cpp
  Snake.cpp
C:\Users\Asus\tmp\cpp\Snake\Engine\Game.h(7,10): warning C4067: unexpected tokens following preprocessor directive - expected a newline (compiling source file MainWindow.cpp)
C:\Users\Asus\tmp\cpp\Snake\Engine\Game.h(7,10): warning C4067: unexpected tokens following preprocessor directive - expected a newline (compiling source file Main.cpp)
C:\Users\Asus\tmp\cpp\Snake\Engine\Game.h(7,10): warning C4067: unexpected tokens following preprocessor directive - expected a newline (compiling source file Game.cpp)
C:\Users\Asus\tmp\cpp\Snake\Engine\ChiliWin.h(24,1): warning C4005: '_WIN32_WINNT': macro redefinition (compiling source file Snake.cpp)
C:\Program Files (x86)\Windows Kits\10\Include\10.0.18362.0\shared\sdkddkver.h(217): message : see previous definition of '_WIN32_WINNT' (compiling source file Snake.cpp)
C:\Users\Asus\tmp\cpp\Snake\Engine\ChiliWin.h(64,1): warning C4005: 'STRICT': macro redefinition (compiling source file Snake.cpp)
C:\Program Files (x86)\Windows Kits\10\Include\10.0.18362.0\shared\minwindef.h(23): message : see previous definition of 'STRICT' (compiling source file Snake.cpp)
C:\Users\Asus\tmp\cpp\Snake\Engine\ChiliWin.h(24,1): warning C4005: '_WIN32_WINNT': macro redefinition (compiling source file Goal.cpp)
C:\Program Files (x86)\Windows Kits\10\Include\10.0.18362.0\shared\sdkddkver.h(217): message : see previous definition of '_WIN32_WINNT' (compiling source file Goal.cpp)
C:\Users\Asus\tmp\cpp\Snake\Engine\ChiliWin.h(64,1): warning C4005: 'STRICT': macro redefinition (compiling source file Goal.cpp)
C:\Program Files (x86)\Windows Kits\10\Include\10.0.18362.0\shared\minwindef.h(23): message : see previous definition of 'STRICT' (compiling source file Goal.cpp)
C:\Users\Asus\tmp\cpp\Snake\Engine\ChiliWin.h(24,1): warning C4005: '_WIN32_WINNT': macro redefinition (compiling source file Level1.cpp)
C:\Program Files (x86)\Windows Kits\10\Include\10.0.18362.0\shared\sdkddkver.h(217): message : see previous definition of '_WIN32_WINNT' (compiling source file Level1.cpp)
C:\Users\Asus\tmp\cpp\Snake\Engine\ChiliWin.h(64,1): warning C4005: 'STRICT': macro redefinition (compiling source file Level1.cpp)
C:\Program Files (x86)\Windows Kits\10\Include\10.0.18362.0\shared\minwindef.h(23): message : see previous definition of 'STRICT' (compiling source file Level1.cpp)
  Generating code
  Previous IPDB and IOBJ mismatch, fall back to full compilation.
C:\Users\Asus\tmp\cpp\Snake\Engine\Level1.cpp(87): warning C4715: 'Level1::status': not all control paths return a value
  All 597 functions were compiled because no usable IPDB/IOBJ from previous compilation was found.
  Finished generating code
  Engine.vcxproj -> C:\Users\Asus\tmp\cpp\Snake\x64\Release\Engine.exe
